/data/release/weapp/node_modules/koa-router/lib/layer.js:39
      throw new Error(
      ^

Error: post `/imgUrlData`: `middleware` must be a function, not `object`
    at Layer.<anonymous> (/data/release/weapp/node_modules/koa-router/lib/layer.js:39:13)
    at Array.forEach (<anonymous>)
    at new Layer (/data/release/weapp/node_modules/koa-router/lib/layer.js:36:14)
    at Router.register (/data/release/weapp/node_modules/koa-router/lib/router.js:553:15)
    at Router.(anonymous function) [as post] (/data/release/weapp/node_modules/koa-router/lib/router.js:202:10)
    at Object.<anonymous> (/data/release/weapp/routes/index.js:23:8)
    at Module._compile (module.js:643:30)
    at Object.Module._extensions..js (module.js:654:10)
    at Module.load (module.js:556:32)
    at tryModuleLoad (module.js:499:12)
    at Function.Module._load (module.js:491:3)
    at Module.require (module.js:587:17)
    at require (internal/module.js:11:18)
    at Object.<anonymous> (/data/release/weapp/app.js:19:16)
    at Module._compile (module.js:643:30)
    at Object.Module._extensions..js (module.js:654:10)
